Jul 11 2018 12:43:57
{"Number":2,"Message":"touch(): Utime failed: Operation not permitted","File":"\/opt\/lampp\/htdocs\/kuwed2017\/wp-content\/plugins\/all-in-one-wp-migration\/lib\/vendor\/servmask\/archiver\/class-ai1wm-extractor.php","Line":473}

Jul 11 2018 12:43:57
{"Number":2,"Message":"chmod(): Operation not permitted","File":"\/opt\/lampp\/htdocs\/kuwed2017\/wp-content\/plugins\/all-in-one-wp-migration\/lib\/vendor\/servmask\/archiver\/class-ai1wm-extractor.php","Line":476}

Jul 11 2018 12:43:57
{"Number":2,"Message":"touch(): Utime failed: Operation not permitted","File":"\/opt\/lampp\/htdocs\/kuwed2017\/wp-content\/plugins\/all-in-one-wp-migration\/lib\/vendor\/servmask\/archiver\/class-ai1wm-extractor.php","Line":473}

Jul 11 2018 12:43:57
{"Number":2,"Message":"chmod(): Operation not permitted","File":"\/opt\/lampp\/htdocs\/kuwed2017\/wp-content\/plugins\/all-in-one-wp-migration\/lib\/vendor\/servmask\/archiver\/class-ai1wm-extractor.php","Line":476}

Jul 11 2018 12:43:57
{"Number":2,"Message":"touch(): Utime failed: Operation not permitted","File":"\/opt\/lampp\/htdocs\/kuwed2017\/wp-content\/plugins\/all-in-one-wp-migration\/lib\/vendor\/servmask\/archiver\/class-ai1wm-extractor.php","Line":473}

Jul 11 2018 12:43:57
{"Number":2,"Message":"chmod(): Operation not permitted","File":"\/opt\/lampp\/htdocs\/kuwed2017\/wp-content\/plugins\/all-in-one-wp-migration\/lib\/vendor\/servmask\/archiver\/class-ai1wm-extractor.php","Line":476}

Jul 11 2018 12:43:57
{"Number":2,"Message":"touch(): Utime failed: Operation not permitted","File":"\/opt\/lampp\/htdocs\/kuwed2017\/wp-content\/plugins\/all-in-one-wp-migration\/lib\/vendor\/servmask\/archiver\/class-ai1wm-extractor.php","Line":473}

Jul 11 2018 12:43:57
{"Number":2,"Message":"chmod(): Operation not permitted","File":"\/opt\/lampp\/htdocs\/kuwed2017\/wp-content\/plugins\/all-in-one-wp-migration\/lib\/vendor\/servmask\/archiver\/class-ai1wm-extractor.php","Line":476}

Jul 11 2018 12:43:57
{"Number":2,"Message":"touch(): Utime failed: Operation not permitted","File":"\/opt\/lampp\/htdocs\/kuwed2017\/wp-content\/plugins\/all-in-one-wp-migration\/lib\/vendor\/servmask\/archiver\/class-ai1wm-extractor.php","Line":473}

Jul 11 2018 12:43:57
{"Number":2,"Message":"chmod(): Operation not permitted","File":"\/opt\/lampp\/htdocs\/kuwed2017\/wp-content\/plugins\/all-in-one-wp-migration\/lib\/vendor\/servmask\/archiver\/class-ai1wm-extractor.php","Line":476}

Jul 11 2018 12:43:57
{"Number":2,"Message":"touch(): Utime failed: Operation not permitted","File":"\/opt\/lampp\/htdocs\/kuwed2017\/wp-content\/plugins\/all-in-one-wp-migration\/lib\/vendor\/servmask\/archiver\/class-ai1wm-extractor.php","Line":473}

Jul 11 2018 12:43:57
{"Number":2,"Message":"chmod(): Operation not permitted","File":"\/opt\/lampp\/htdocs\/kuwed2017\/wp-content\/plugins\/all-in-one-wp-migration\/lib\/vendor\/servmask\/archiver\/class-ai1wm-extractor.php","Line":476}

Jul 11 2018 12:43:57
{"Number":2,"Message":"touch(): Utime failed: Operation not permitted","File":"\/opt\/lampp\/htdocs\/kuwed2017\/wp-content\/plugins\/all-in-one-wp-migration\/lib\/vendor\/servmask\/archiver\/class-ai1wm-extractor.php","Line":473}

Jul 11 2018 12:43:57
{"Number":2,"Message":"chmod(): Operation not permitted","File":"\/opt\/lampp\/htdocs\/kuwed2017\/wp-content\/plugins\/all-in-one-wp-migration\/lib\/vendor\/servmask\/archiver\/class-ai1wm-extractor.php","Line":476}

Jul 11 2018 12:43:57
{"Number":2,"Message":"touch(): Utime failed: Operation not permitted","File":"\/opt\/lampp\/htdocs\/kuwed2017\/wp-content\/plugins\/all-in-one-wp-migration\/lib\/vendor\/servmask\/archiver\/class-ai1wm-extractor.php","Line":473}

Jul 11 2018 12:43:57
{"Number":2,"Message":"chmod(): Operation not permitted","File":"\/opt\/lampp\/htdocs\/kuwed2017\/wp-content\/plugins\/all-in-one-wp-migration\/lib\/vendor\/servmask\/archiver\/class-ai1wm-extractor.php","Line":476}

Jul 11 2018 12:43:57
{"Number":2,"Message":"touch(): Utime failed: Operation not permitted","File":"\/opt\/lampp\/htdocs\/kuwed2017\/wp-content\/plugins\/all-in-one-wp-migration\/lib\/vendor\/servmask\/archiver\/class-ai1wm-extractor.php","Line":473}

Jul 11 2018 12:43:57
{"Number":2,"Message":"chmod(): Operation not permitted","File":"\/opt\/lampp\/htdocs\/kuwed2017\/wp-content\/plugins\/all-in-one-wp-migration\/lib\/vendor\/servmask\/archiver\/class-ai1wm-extractor.php","Line":476}

Jul 11 2018 12:43:57
{"Number":2,"Message":"touch(): Utime failed: Operation not permitted","File":"\/opt\/lampp\/htdocs\/kuwed2017\/wp-content\/plugins\/all-in-one-wp-migration\/lib\/vendor\/servmask\/archiver\/class-ai1wm-extractor.php","Line":473}

Jul 11 2018 12:43:57
{"Number":2,"Message":"chmod(): Operation not permitted","File":"\/opt\/lampp\/htdocs\/kuwed2017\/wp-content\/plugins\/all-in-one-wp-migration\/lib\/vendor\/servmask\/archiver\/class-ai1wm-extractor.php","Line":476}

Jul 11 2018 12:43:57
{"Number":2,"Message":"touch(): Utime failed: Operation not permitted","File":"\/opt\/lampp\/htdocs\/kuwed2017\/wp-content\/plugins\/all-in-one-wp-migration\/lib\/vendor\/servmask\/archiver\/class-ai1wm-extractor.php","Line":473}

Jul 11 2018 12:43:57
{"Number":2,"Message":"chmod(): Operation not permitted","File":"\/opt\/lampp\/htdocs\/kuwed2017\/wp-content\/plugins\/all-in-one-wp-migration\/lib\/vendor\/servmask\/archiver\/class-ai1wm-extractor.php","Line":476}

Jul 11 2018 12:43:57
{"Number":2,"Message":"touch(): Utime failed: Operation not permitted","File":"\/opt\/lampp\/htdocs\/kuwed2017\/wp-content\/plugins\/all-in-one-wp-migration\/lib\/vendor\/servmask\/archiver\/class-ai1wm-extractor.php","Line":473}

Jul 11 2018 12:43:57
{"Number":2,"Message":"chmod(): Operation not permitted","File":"\/opt\/lampp\/htdocs\/kuwed2017\/wp-content\/plugins\/all-in-one-wp-migration\/lib\/vendor\/servmask\/archiver\/class-ai1wm-extractor.php","Line":476}

Jul 11 2018 12:43:57
{"Number":2,"Message":"touch(): Utime failed: Operation not permitted","File":"\/opt\/lampp\/htdocs\/kuwed2017\/wp-content\/plugins\/all-in-one-wp-migration\/lib\/vendor\/servmask\/archiver\/class-ai1wm-extractor.php","Line":473}

Jul 11 2018 12:43:57
{"Number":2,"Message":"chmod(): Operation not permitted","File":"\/opt\/lampp\/htdocs\/kuwed2017\/wp-content\/plugins\/all-in-one-wp-migration\/lib\/vendor\/servmask\/archiver\/class-ai1wm-extractor.php","Line":476}

Jul 11 2018 12:43:57
{"Number":2,"Message":"touch(): Utime failed: Operation not permitted","File":"\/opt\/lampp\/htdocs\/kuwed2017\/wp-content\/plugins\/all-in-one-wp-migration\/lib\/vendor\/servmask\/archiver\/class-ai1wm-extractor.php","Line":473}

Jul 11 2018 12:43:57
{"Number":2,"Message":"chmod(): Operation not permitted","File":"\/opt\/lampp\/htdocs\/kuwed2017\/wp-content\/plugins\/all-in-one-wp-migration\/lib\/vendor\/servmask\/archiver\/class-ai1wm-extractor.php","Line":476}

Jul 11 2018 12:43:57
{"Number":2,"Message":"touch(): Utime failed: Operation not permitted","File":"\/opt\/lampp\/htdocs\/kuwed2017\/wp-content\/plugins\/all-in-one-wp-migration\/lib\/vendor\/servmask\/archiver\/class-ai1wm-extractor.php","Line":473}

Jul 11 2018 12:43:57
{"Number":2,"Message":"chmod(): Operation not permitted","File":"\/opt\/lampp\/htdocs\/kuwed2017\/wp-content\/plugins\/all-in-one-wp-migration\/lib\/vendor\/servmask\/archiver\/class-ai1wm-extractor.php","Line":476}

Jul 11 2018 12:43:57
{"Number":2,"Message":"touch(): Utime failed: Operation not permitted","File":"\/opt\/lampp\/htdocs\/kuwed2017\/wp-content\/plugins\/all-in-one-wp-migration\/lib\/vendor\/servmask\/archiver\/class-ai1wm-extractor.php","Line":473}

Jul 11 2018 12:43:57
{"Number":2,"Message":"chmod(): Operation not permitted","File":"\/opt\/lampp\/htdocs\/kuwed2017\/wp-content\/plugins\/all-in-one-wp-migration\/lib\/vendor\/servmask\/archiver\/class-ai1wm-extractor.php","Line":476}

Jul 11 2018 12:43:57
{"Number":2,"Message":"touch(): Utime failed: Operation not permitted","File":"\/opt\/lampp\/htdocs\/kuwed2017\/wp-content\/plugins\/all-in-one-wp-migration\/lib\/vendor\/servmask\/archiver\/class-ai1wm-extractor.php","Line":473}

Jul 11 2018 12:43:57
{"Number":2,"Message":"chmod(): Operation not permitted","File":"\/opt\/lampp\/htdocs\/kuwed2017\/wp-content\/plugins\/all-in-one-wp-migration\/lib\/vendor\/servmask\/archiver\/class-ai1wm-extractor.php","Line":476}

Jul 11 2018 12:43:57
{"Number":2,"Message":"touch(): Utime failed: Operation not permitted","File":"\/opt\/lampp\/htdocs\/kuwed2017\/wp-content\/plugins\/all-in-one-wp-migration\/lib\/vendor\/servmask\/archiver\/class-ai1wm-extractor.php","Line":473}

Jul 11 2018 12:43:57
{"Number":2,"Message":"chmod(): Operation not permitted","File":"\/opt\/lampp\/htdocs\/kuwed2017\/wp-content\/plugins\/all-in-one-wp-migration\/lib\/vendor\/servmask\/archiver\/class-ai1wm-extractor.php","Line":476}

Jul 11 2018 12:43:57
{"Number":2,"Message":"touch(): Utime failed: Operation not permitted","File":"\/opt\/lampp\/htdocs\/kuwed2017\/wp-content\/plugins\/all-in-one-wp-migration\/lib\/vendor\/servmask\/archiver\/class-ai1wm-extractor.php","Line":473}

Jul 11 2018 12:43:57
{"Number":2,"Message":"chmod(): Operation not permitted","File":"\/opt\/lampp\/htdocs\/kuwed2017\/wp-content\/plugins\/all-in-one-wp-migration\/lib\/vendor\/servmask\/archiver\/class-ai1wm-extractor.php","Line":476}

Jul 11 2018 12:43:57
{"Number":2,"Message":"touch(): Utime failed: Operation not permitted","File":"\/opt\/lampp\/htdocs\/kuwed2017\/wp-content\/plugins\/all-in-one-wp-migration\/lib\/vendor\/servmask\/archiver\/class-ai1wm-extractor.php","Line":473}

Jul 11 2018 12:43:57
{"Number":2,"Message":"chmod(): Operation not permitted","File":"\/opt\/lampp\/htdocs\/kuwed2017\/wp-content\/plugins\/all-in-one-wp-migration\/lib\/vendor\/servmask\/archiver\/class-ai1wm-extractor.php","Line":476}

Jul 11 2018 12:43:57
{"Number":2,"Message":"touch(): Utime failed: Operation not permitted","File":"\/opt\/lampp\/htdocs\/kuwed2017\/wp-content\/plugins\/all-in-one-wp-migration\/lib\/vendor\/servmask\/archiver\/class-ai1wm-extractor.php","Line":473}

Jul 11 2018 12:43:57
{"Number":2,"Message":"chmod(): Operation not permitted","File":"\/opt\/lampp\/htdocs\/kuwed2017\/wp-content\/plugins\/all-in-one-wp-migration\/lib\/vendor\/servmask\/archiver\/class-ai1wm-extractor.php","Line":476}

Jul 11 2018 12:43:57
{"Number":2,"Message":"touch(): Utime failed: Operation not permitted","File":"\/opt\/lampp\/htdocs\/kuwed2017\/wp-content\/plugins\/all-in-one-wp-migration\/lib\/vendor\/servmask\/archiver\/class-ai1wm-extractor.php","Line":473}

Jul 11 2018 12:43:57
{"Number":2,"Message":"chmod(): Operation not permitted","File":"\/opt\/lampp\/htdocs\/kuwed2017\/wp-content\/plugins\/all-in-one-wp-migration\/lib\/vendor\/servmask\/archiver\/class-ai1wm-extractor.php","Line":476}

Jul 11 2018 12:43:58
{"Number":2,"Message":"touch(): Utime failed: Operation not permitted","File":"\/opt\/lampp\/htdocs\/kuwed2017\/wp-content\/plugins\/all-in-one-wp-migration\/lib\/vendor\/servmask\/archiver\/class-ai1wm-extractor.php","Line":473}

Jul 11 2018 12:43:58
{"Number":2,"Message":"chmod(): Operation not permitted","File":"\/opt\/lampp\/htdocs\/kuwed2017\/wp-content\/plugins\/all-in-one-wp-migration\/lib\/vendor\/servmask\/archiver\/class-ai1wm-extractor.php","Line":476}

Jul 11 2018 12:43:59
{"Number":8,"Message":"unserialize(): Error at offset 7227 of 7319 bytes","File":"\/opt\/lampp\/htdocs\/kuwed2017\/wp-content\/plugins\/all-in-one-wp-migration\/lib\/vendor\/servmask\/database\/class-ai1wm-database-utility.php","Line":60}

Jul 11 2018 12:43:59
{"Number":8,"Message":"unserialize(): Error at offset 7785 of 7877 bytes","File":"\/opt\/lampp\/htdocs\/kuwed2017\/wp-content\/plugins\/all-in-one-wp-migration\/lib\/vendor\/servmask\/database\/class-ai1wm-database-utility.php","Line":60}

Jul 11 2018 12:44:07
{"type":8192,"message":"Function create_function() is deprecated","file":"\/opt\/lampp\/htdocs\/kuwed2017\/wp-content\/plugins\/enjoy-instagram-instagram-responsive-images-gallery-and-carousel\/enjoyinstagram.php","line":377}

